bun run throwaways/syncV2.ts
[20:38:20.648] INFO (#2): DDF database sync: starting {
  runId: "ddf-sync-669c9caa-4528-47fe-a8c1-457b28580121",
  destinationId: 65882,
  concurrency: 5,
  runMigrations: true,
}
[20:38:20.651] INFO (#2): DDF database sync: running database migrations {
  runId: "ddf-sync-669c9caa-4528-47fe-a8c1-457b28580121",
}
[20:38:20.665] INFO (#2): DDF database sync: database migrations complete {
  runId: "ddf-sync-669c9caa-4528-47fe-a8c1-457b28580121",
}
[20:38:20.665] INFO (#2): DDF database sync: preparing database sink {
  runId: "ddf-sync-669c9caa-4528-47fe-a8c1-457b28580121",
}
[20:38:20.666] INFO (#2): DDF database sync: loading watermarks {
  runId: "ddf-sync-669c9caa-4528-47fe-a8c1-457b28580121",
}
[20:38:20.674] INFO (#2): DDF database sync: loaded watermarks {
  runId: "ddf-sync-669c9caa-4528-47fe-a8c1-457b28580121",
  property: null,
  member: null,
  office: null,
  openHouse: null,
}
[20:38:20.674] INFO (#2): DDF database sync: sync plan ready {
  runId: "ddf-sync-669c9caa-4528-47fe-a8c1-457b28580121",
  propertyMode: "initial",
  memberMode: "initial",
  officeMode: "initial",
  openHouseSince: null,
}
[20:38:20.674] INFO (#2): DDF database sync: syncing properties {
  runId: "ddf-sync-669c9caa-4528-47fe-a8c1-457b28580121",
  mode: "initial",
  since: null,
}
[20:38:20.675] INFO (#2): Property sync: requesting replication identifiers {
  mode: "initial",
  since: null,
  destinationId: 65882,
  concurrency: 5,
  hasFilter: false,
  selectFields: 0,
  top: null,
  count: null,
}
[20:38:21.870] INFO (#2): Property sync: collected identifier page {
  pages: 1,
  identifiers: 8756,
  pageSize: 8756,
  hasNextPage: false,
}
[20:38:21.870] INFO (#2): Property sync: collected identifiers {
  identifiers: 8756,
  pageErrors: 0,
}
[20:38:21.870] INFO (#2): Property sync: hydrating records {
  identifiers: 8756,
  concurrency: 5,
}
[20:38:25.485] INFO (#519): Property sync: hydrate progress {
  completed: 250,
  total: 8756,
}
[20:38:29.127] INFO (#1019): Property sync: hydrate progress {
  completed: 500,
  total: 8756,
}
[20:38:32.766] INFO (#1520): Property sync: hydrate progress {
  completed: 750,
  total: 8756,
}
[20:38:36.325] INFO (#2019): Property sync: hydrate progress {
  completed: 1000,
  total: 8756,
}
[20:38:39.933] INFO (#2517): Property sync: hydrate progress {
  completed: 1250,
  total: 8756,
}
[20:38:43.594] INFO (#3019): Property sync: hydrate progress {
  completed: 1500,
  total: 8756,
}
[20:38:48.058] INFO (#3517): Property sync: hydrate progress {
  completed: 1750,
  total: 8756,
}
[20:38:51.960] INFO (#4019): Property sync: hydrate progress {
  completed: 2000,
  total: 8756,
}
[20:38:55.741] INFO (#4519): Property sync: hydrate progress {
  completed: 2250,
  total: 8756,
}
[20:38:59.597] INFO (#5019): Property sync: hydrate progress {
  completed: 2500,
  total: 8756,
}
[20:39:03.413] INFO (#5519): Property sync: hydrate progress {
  completed: 2750,
  total: 8756,
}
[20:39:07.145] INFO (#6019): Property sync: hydrate progress {
  completed: 3000,
  total: 8756,
}
[20:39:11.041] INFO (#6519): Property sync: hydrate progress {
  completed: 3250,
  total: 8756,
}
[20:39:14.989] INFO (#7015): Property sync: hydrate progress {
  completed: 3500,
  total: 8756,
}
[20:39:19.035] INFO (#7519): Property sync: hydrate progress {
  completed: 3750,
  total: 8756,
}
[20:39:22.886] INFO (#8015): Property sync: hydrate progress {
  completed: 4000,
  total: 8756,
}
[20:39:26.502] INFO (#8519): Property sync: hydrate progress {
  completed: 4250,
  total: 8756,
}
[20:39:30.252] INFO (#9019): Property sync: hydrate progress {
  completed: 4500,
  total: 8756,
}
[20:39:34.146] INFO (#9519): Property sync: hydrate progress {
  completed: 4750,
  total: 8756,
}
[20:39:38.042] INFO (#10019): Property sync: hydrate progress {
  completed: 5000,
  total: 8756,
}
[20:39:41.801] INFO (#10519): Property sync: hydrate progress {
  completed: 5250,
  total: 8756,
}
[20:39:45.848] INFO (#11021): Property sync: hydrate progress {
  completed: 5500,
  total: 8756,
}
[20:39:49.760] INFO (#11515): Property sync: hydrate progress {
  completed: 5750,
  total: 8756,
}
[20:39:53.571] INFO (#12017): Property sync: hydrate progress {
  completed: 6000,
  total: 8756,
}
[20:39:57.434] INFO (#12519): Property sync: hydrate progress {
  completed: 6250,
  total: 8756,
}
[20:40:01.188] INFO (#13019): Property sync: hydrate progress {
  completed: 6500,
  total: 8756,
}
[20:40:05.324] INFO (#13519): Property sync: hydrate progress {
  completed: 6750,
  total: 8756,
}
[20:40:08.957] INFO (#14017): Property sync: hydrate progress {
  completed: 7000,
  total: 8756,
}
[20:40:12.677] INFO (#14519): Property sync: hydrate progress {
  completed: 7250,
  total: 8756,
}
[20:40:16.379] INFO (#15019): Property sync: hydrate progress {
  completed: 7500,
  total: 8756,
}
[20:40:20.118] INFO (#15517): Property sync: hydrate progress {
  completed: 7750,
  total: 8756,
}
[20:40:23.882] INFO (#16019): Property sync: hydrate progress {
  completed: 8000,
  total: 8756,
}
[20:40:27.598] INFO (#16519): Property sync: hydrate progress {
  completed: 8250,
  total: 8756,
}
[20:40:31.197] INFO (#17019): Property sync: hydrate progress {
  completed: 8500,
  total: 8756,
}
[20:40:34.958] INFO (#17515): Property sync: hydrate progress {
  completed: 8750,
  total: 8756,
}
[20:40:35.095] INFO (#17531): Property sync: hydrate progress {
  completed: 8756,
  total: 8756,
}
[20:40:35.102] INFO (#2): Property sync: normalizing and persisting records {
  hydrated: 8756,
}
[20:40:37.401] INFO (#2): Property sync: persist progress {
  completed: 250,
  total: 8756,
  persisted: 250,
  failed: 0,
}
[20:40:39.295] INFO (#2): Property sync: persist progress {
  completed: 500,
  total: 8756,
  persisted: 500,
  failed: 0,
}
[20:40:40.984] INFO (#2): Property sync: persist progress {
  completed: 750,
  total: 8756,
  persisted: 750,
  failed: 0,
}
[20:40:42.648] INFO (#2): Property sync: persist progress {
  completed: 1000,
  total: 8756,
  persisted: 1000,
  failed: 0,
}
[20:40:43.965] INFO (#2): Property sync: persist progress {
  completed: 1250,
  total: 8756,
  persisted: 1250,
  failed: 0,
}
[20:40:45.512] INFO (#2): Property sync: persist progress {
  completed: 1500,
  total: 8756,
  persisted: 1500,
  failed: 0,
}
[20:40:47.304] INFO (#2): Property sync: persist progress {
  completed: 1750,
  total: 8756,
  persisted: 1750,
  failed: 0,
}
[20:40:49.093] INFO (#2): Property sync: persist progress {
  completed: 2000,
  total: 8756,
  persisted: 2000,
  failed: 0,
}
[20:40:50.761] INFO (#2): Property sync: persist progress {
  completed: 2250,
  total: 8756,
  persisted: 2250,
  failed: 0,
}
[20:40:52.608] INFO (#2): Property sync: persist progress {
  completed: 2500,
  total: 8756,
  persisted: 2500,
  failed: 0,
}
[20:40:54.447] INFO (#2): Property sync: persist progress {
  completed: 2750,
  total: 8756,
  persisted: 2750,
  failed: 0,
}
[20:40:59.725] INFO (#2): Property sync: persist progress {
  completed: 3000,
  total: 8756,
  persisted: 3000,
  failed: 0,
}
[20:41:05.084] INFO (#2): Property sync: persist progress {
  completed: 3250,
  total: 8756,
  persisted: 3250,
  failed: 0,
}
[20:41:06.715] INFO (#2): Property sync: persist progress {
  completed: 3500,
  total: 8756,
  persisted: 3500,
  failed: 0,
}
[20:41:09.612] INFO (#2): Property sync: persist progress {
  completed: 3750,
  total: 8756,
  persisted: 3750,
  failed: 0,
}
[20:41:11.758] INFO (#2): Property sync: persist progress {
  completed: 4000,
  total: 8756,
  persisted: 4000,
  failed: 0,
}
[20:41:14.039] INFO (#2): Property sync: persist progress {
  completed: 4250,
  total: 8756,
  persisted: 4250,
  failed: 0,
}
[20:41:16.440] INFO (#2): Property sync: persist progress {
  completed: 4500,
  total: 8756,
  persisted: 4500,
  failed: 0,
}
[20:41:18.566] INFO (#2): Property sync: persist progress {
  completed: 4750,
  total: 8756,
  persisted: 4750,
  failed: 0,
}
[20:41:23.238] INFO (#2): Property sync: persist progress {
  completed: 5000,
  total: 8756,
  persisted: 5000,
  failed: 0,
}
[20:41:25.499] INFO (#2): Property sync: persist progress {
  completed: 5250,
  total: 8756,
  persisted: 5250,
  failed: 0,
}
[20:41:28.183] INFO (#2): Property sync: persist progress {
  completed: 5500,
  total: 8756,
  persisted: 5500,
  failed: 0,
}
[20:41:30.732] INFO (#2): Property sync: persist progress {
  completed: 5750,
  total: 8756,
  persisted: 5750,
  failed: 0,
}
[20:41:33.590] INFO (#2): Property sync: persist progress {
  completed: 6000,
  total: 8756,
  persisted: 6000,
  failed: 0,
}
[20:41:36.373] INFO (#2): Property sync: persist progress {
  completed: 6250,
  total: 8756,
  persisted: 6250,
  failed: 0,
}
[20:41:39.354] INFO (#2): Property sync: persist progress {
  completed: 6500,
  total: 8756,
  persisted: 6500,
  failed: 0,
}
[20:41:42.453] INFO (#2): Property sync: persist progress {
  completed: 6750,
  total: 8756,
  persisted: 6750,
  failed: 0,
}
[20:41:47.139] INFO (#2): Property sync: persist progress {
  completed: 7000,
  total: 8756,
  persisted: 7000,
  failed: 0,
}
[20:41:49.440] INFO (#2): Property sync: persist progress {
  completed: 7250,
  total: 8756,
  persisted: 7250,
  failed: 0,
}
[20:41:51.745] INFO (#2): Property sync: persist progress {
  completed: 7500,
  total: 8756,
  persisted: 7500,
  failed: 0,
}
[20:41:54.035] INFO (#2): Property sync: persist progress {
  completed: 7750,
  total: 8756,
  persisted: 7750,
  failed: 0,
}
[20:41:56.569] INFO (#2): Property sync: persist progress {
  completed: 8000,
  total: 8756,
  persisted: 8000,
  failed: 0,
}
[20:41:58.943] INFO (#2): Property sync: persist progress {
  completed: 8250,
  total: 8756,
  persisted: 8250,
  failed: 0,
}
[20:42:01.253] INFO (#2): Property sync: persist progress {
  completed: 8500,
  total: 8756,
  persisted: 8500,
  failed: 0,
}
[20:42:03.564] INFO (#2): Property sync: persist progress {
  completed: 8750,
  total: 8756,
  persisted: 8750,
  failed: 0,
}
[20:42:03.624] INFO (#2): Property sync: persist progress {
  completed: 8756,
  total: 8756,
  persisted: 8756,
  failed: 0,
}
[20:42:03.644] INFO (#2): Property sync: complete {
  identifiers: 8756,
  hydrated: 8756,
  persisted: 8756,
  failed: 0,
  nextWatermark: "2026-05-12T00:30:15.170Z",
}
[20:42:03.645] INFO (#2): DDF database sync: properties complete {
  identifiers: 8756,
  hydrated: 8756,
  persisted: 8756,
  failed: 0,
  errors: 0,
  nextWatermark: "2026-05-12T00:30:15.170Z",
}
[20:42:03.645] INFO (#2): DDF database sync: saving watermark {
  resource: "Property",
  watermark: "2026-05-12T00:30:15.170Z",
}
[20:42:03.653] INFO (#2): DDF database sync: syncing members {
  runId: "ddf-sync-669c9caa-4528-47fe-a8c1-457b28580121",
  mode: "initial",
  since: null,
}
[20:42:03.655] INFO (#2): Member sync: requesting replication identifiers {
  mode: "initial",
  since: null,
  destinationId: 65882,
  concurrency: 5,
  hasFilter: false,
  selectFields: 0,
  top: null,
  count: null,
}
[20:42:03.807] INFO (#2): Member sync: collected identifier page {
  pages: 1,
  identifiers: 2539,
  pageSize: 2539,
  hasNextPage: false,
}
[20:42:03.808] INFO (#2): Member sync: collected identifiers {
  identifiers: 2539,
  pageErrors: 0,
}
[20:42:03.808] INFO (#2): Member sync: hydrating records {
  identifiers: 2539,
  concurrency: 5,
}
[20:42:07.148] INFO (#18032): Member sync: hydrate progress {
  completed: 250,
  total: 2539,
}
[20:42:10.641] INFO (#18534): Member sync: hydrate progress {
  completed: 500,
  total: 2539,
}
[20:42:14.140] INFO (#19030): Member sync: hydrate progress {
  completed: 750,
  total: 2539,
}
[20:42:17.612] INFO (#19534): Member sync: hydrate progress {
  completed: 1000,
  total: 2539,
}
[20:42:20.876] INFO (#20030): Member sync: hydrate progress {
  completed: 1250,
  total: 2539,
}
[20:42:24.157] INFO (#20530): Member sync: hydrate progress {
  completed: 1500,
  total: 2539,
}
[20:42:27.495] INFO (#21032): Member sync: hydrate progress {
  completed: 1750,
  total: 2539,
}
[20:42:30.852] INFO (#21532): Member sync: hydrate progress {
  completed: 2000,
  total: 2539,
}
[20:42:34.102] INFO (#22032): Member sync: hydrate progress {
  completed: 2250,
  total: 2539,
}
[20:42:37.411] INFO (#22534): Member sync: hydrate progress {
  completed: 2500,
  total: 2539,
}
[20:42:37.952] INFO (#22610): Member sync: hydrate progress {
  completed: 2539,
  total: 2539,
}
[20:42:37.953] INFO (#2): Member sync: normalizing and persisting records {
  hydrated: 2539,
}
[20:42:38.604] INFO (#2): Member sync: persist progress {
  completed: 250,
  total: 2539,
  persisted: 250,
  failed: 0,
}
[20:42:38.997] INFO (#2): Member sync: persist progress {
  completed: 500,
  total: 2539,
  persisted: 500,
  failed: 0,
}
[20:42:39.169] INFO (#2): Member sync: persist progress {
  completed: 750,
  total: 2539,
  persisted: 750,
  failed: 0,
}
[20:42:39.343] INFO (#2): Member sync: persist progress {
  completed: 1000,
  total: 2539,
  persisted: 1000,
  failed: 0,
}
[20:42:39.513] INFO (#2): Member sync: persist progress {
  completed: 1250,
  total: 2539,
  persisted: 1250,
  failed: 0,
}
[20:42:39.718] INFO (#2): Member sync: persist progress {
  completed: 1500,
  total: 2539,
  persisted: 1500,
  failed: 0,
}
[20:42:39.884] INFO (#2): Member sync: persist progress {
  completed: 1750,
  total: 2539,
  persisted: 1750,
  failed: 0,
}
[20:42:40.052] INFO (#2): Member sync: persist progress {
  completed: 2000,
  total: 2539,
  persisted: 2000,
  failed: 0,
}
[20:42:40.223] INFO (#2): Member sync: persist progress {
  completed: 2250,
  total: 2539,
  persisted: 2250,
  failed: 0,
}
[20:42:40.520] INFO (#2): Member sync: persist progress {
  completed: 2500,
  total: 2539,
  persisted: 2500,
  failed: 0,
}
[20:42:40.546] INFO (#2): Member sync: persist progress {
  completed: 2539,
  total: 2539,
  persisted: 2539,
  failed: 0,
}
[20:42:40.547] INFO (#2): Member sync: complete {
  identifiers: 2539,
  hydrated: 2539,
  persisted: 2539,
  failed: 0,
  nextWatermark: "2026-05-12T00:00:32.860Z",
}
[20:42:40.547] INFO (#2): DDF database sync: members complete {
  identifiers: 2539,
  hydrated: 2539,
  persisted: 2539,
  failed: 0,
  errors: 0,
  nextWatermark: "2026-05-12T00:00:32.860Z",
}
[20:42:40.548] INFO (#2): DDF database sync: saving watermark {
  resource: "Member",
  watermark: "2026-05-12T00:00:32.860Z",
}
[20:42:40.548] INFO (#2): DDF database sync: syncing offices {
  runId: "ddf-sync-669c9caa-4528-47fe-a8c1-457b28580121",
  mode: "initial",
  since: null,
}
[20:42:40.550] INFO (#2): Office sync: requesting replication identifiers {
  mode: "initial",
  since: null,
  destinationId: 65882,
  concurrency: 5,
  hasFilter: false,
  selectFields: 0,
  top: null,
  count: null,
}
[20:42:40.632] INFO (#2): Office sync: collected identifier page {
  pages: 1,
  identifiers: 242,
  pageSize: 242,
  hasNextPage: false,
}
[20:42:40.632] INFO (#2): Office sync: collected identifiers {
  identifiers: 242,
  pageErrors: 0,
}
[20:42:40.632] INFO (#2): Office sync: hydrating records {
  identifiers: 242,
  concurrency: 5,
}
[20:42:41.514] INFO (#22711): Office sync: hydrate progress {
  completed: 50,
  total: 242,
}
[20:42:42.173] INFO (#22811): Office sync: hydrate progress {
  completed: 100,
  total: 242,
}
[20:42:42.817] INFO (#22911): Office sync: hydrate progress {
  completed: 150,
  total: 242,
}
[20:42:43.494] INFO (#23013): Office sync: hydrate progress {
  completed: 200,
  total: 242,
}
[20:42:44.090] INFO (#23095): Office sync: hydrate progress {
  completed: 242,
  total: 242,
}
[20:42:44.090] INFO (#2): Office sync: normalizing and persisting records {
  hydrated: 242,
}
[20:42:44.200] INFO (#2): Office sync: persist progress {
  completed: 50,
  total: 242,
  persisted: 50,
  failed: 0,
}
[20:42:44.275] INFO (#2): Office sync: persist progress {
  completed: 100,
  total: 242,
  persisted: 100,
  failed: 0,
}
[20:42:44.351] INFO (#2): Office sync: persist progress {
  completed: 150,
  total: 242,
  persisted: 150,
  failed: 0,
}
[20:42:44.389] INFO (#2): Office sync: persist progress {
  completed: 200,
  total: 242,
  persisted: 200,
  failed: 0,
}
[20:42:44.414] INFO (#2): Office sync: persist progress {
  completed: 242,
  total: 242,
  persisted: 242,
  failed: 0,
}
[20:42:44.414] INFO (#2): Office sync: complete {
  identifiers: 242,
  hydrated: 242,
  persisted: 242,
  failed: 0,
  nextWatermark: "2026-05-11T02:15:41.190Z",
}
[20:42:44.414] INFO (#2): DDF database sync: offices complete {
  identifiers: 242,
  hydrated: 242,
  persisted: 242,
  failed: 0,
  errors: 0,
  nextWatermark: "2026-05-11T02:15:41.190Z",
}
[20:42:44.414] INFO (#2): DDF database sync: saving watermark {
  resource: "Office",
  watermark: "2026-05-11T02:15:41.190Z",
}
[20:42:44.415] INFO (#2): DDF database sync: syncing open houses {
  runId: "ddf-sync-669c9caa-4528-47fe-a8c1-457b28580121",
  since: null,
}
[20:42:44.415] INFO (#2): OpenHouse sync: collecting pages {
  concurrency: 5,
  hasFilter: false,
  selectFields: 0,
  top: null,
  count: null,
}
[20:42:44.500] INFO (#2): OpenHouse sync: collected page {
  pages: 1,
  records: 20,
  pageSize: 20,
  hasNextPage: true,
}
[20:42:45.246] INFO (#2): OpenHouse sync: collected page {
  pages: 10,
  records: 200,
  pageSize: 20,
  hasNextPage: true,
}
[20:42:46.177] INFO (#2): OpenHouse sync: collected page {
  pages: 20,
  records: 400,
  pageSize: 20,
  hasNextPage: true,
}
[20:42:47.261] INFO (#2): OpenHouse sync: collected page {
  pages: 30,
  records: 600,
  pageSize: 20,
  hasNextPage: true,
}
[20:42:48.160] INFO (#2): OpenHouse sync: collected page {
  pages: 40,
  records: 800,
  pageSize: 20,
  hasNextPage: true,
}
[20:42:49.173] INFO (#2): OpenHouse sync: collected page {
  pages: 50,
  records: 1000,
  pageSize: 20,
  hasNextPage: true,
}
[20:42:50.007] INFO (#2): OpenHouse sync: collected page {
  pages: 60,
  records: 1200,
  pageSize: 20,
  hasNextPage: true,
}
[20:42:50.900] INFO (#2): OpenHouse sync: collected page {
  pages: 70,
  records: 1400,
  pageSize: 20,
  hasNextPage: true,
}
[20:42:51.872] INFO (#2): OpenHouse sync: collected page {
  pages: 80,
  records: 1600,
  pageSize: 20,
  hasNextPage: true,
}
[20:42:52.907] INFO (#2): OpenHouse sync: collected page {
  pages: 90,
  records: 1800,
  pageSize: 20,
  hasNextPage: true,
}
[20:42:53.763] INFO (#2): OpenHouse sync: collected page {
  pages: 100,
  records: 2000,
  pageSize: 20,
  hasNextPage: true,
}
[20:42:54.773] INFO (#2): OpenHouse sync: collected page {
  pages: 110,
  records: 2200,
  pageSize: 20,
  hasNextPage: true,
}
[20:42:55.734] INFO (#2): OpenHouse sync: collected page {
  pages: 120,
  records: 2400,
  pageSize: 20,
  hasNextPage: true,
}
[20:42:56.696] INFO (#2): OpenHouse sync: collected page {
  pages: 130,
  records: 2600,
  pageSize: 20,
  hasNextPage: true,
}
[20:42:57.508] INFO (#2): OpenHouse sync: collected page {
  pages: 140,
  records: 2800,
  pageSize: 20,
  hasNextPage: true,
}
[20:42:58.482] INFO (#2): OpenHouse sync: collected page {
  pages: 150,
  records: 3000,
  pageSize: 20,
  hasNextPage: true,
}
[20:42:59.449] INFO (#2): OpenHouse sync: collected page {
  pages: 160,
  records: 3200,
  pageSize: 20,
  hasNextPage: true,
}
[20:43:00.343] INFO (#2): OpenHouse sync: collected page {
  pages: 170,
  records: 3400,
  pageSize: 20,
  hasNextPage: true,
}
[20:43:01.299] INFO (#2): OpenHouse sync: collected page {
  pages: 180,
  records: 3600,
  pageSize: 20,
  hasNextPage: true,
}
[20:43:02.284] INFO (#2): OpenHouse sync: collected page {
  pages: 190,
  records: 3800,
  pageSize: 20,
  hasNextPage: true,
}
[20:43:03.308] INFO (#2): OpenHouse sync: collected page {
  pages: 200,
  records: 4000,
  pageSize: 20,
  hasNextPage: true,
}
[20:43:04.332] INFO (#2): OpenHouse sync: collected page {
  pages: 210,
  records: 4200,
  pageSize: 20,
  hasNextPage: true,
}
[20:43:05.273] INFO (#2): OpenHouse sync: collected page {
  pages: 220,
  records: 4400,
  pageSize: 20,
  hasNextPage: true,
}
[20:43:06.287] INFO (#2): OpenHouse sync: collected page {
  pages: 230,
  records: 4600,
  pageSize: 20,
  hasNextPage: true,
}
[20:43:07.198] INFO (#2): OpenHouse sync: collected page {
  pages: 240,
  records: 4800,
  pageSize: 20,
  hasNextPage: true,
}
[20:43:08.142] INFO (#2): OpenHouse sync: collected page {
  pages: 250,
  records: 5000,
  pageSize: 20,
  hasNextPage: true,
}
[20:43:09.030] INFO (#2): OpenHouse sync: collected page {
  pages: 260,
  records: 5200,
  pageSize: 20,
  hasNextPage: true,
}
[20:43:10.128] INFO (#2): OpenHouse sync: collected page {
  pages: 270,
  records: 5400,
  pageSize: 20,
  hasNextPage: true,
}
[20:43:11.100] INFO (#2): OpenHouse sync: collected page {
  pages: 280,
  records: 5600,
  pageSize: 20,
  hasNextPage: true,
}
[20:43:12.063] INFO (#2): OpenHouse sync: collected page {
  pages: 290,
  records: 5800,
  pageSize: 20,
  hasNextPage: true,
}
[20:43:12.927] INFO (#2): OpenHouse sync: collected page {
  pages: 300,
  records: 6000,
  pageSize: 20,
  hasNextPage: true,
}
[20:43:13.796] INFO (#2): OpenHouse sync: collected page {
  pages: 310,
  records: 6200,
  pageSize: 20,
  hasNextPage: true,
}
[20:43:14.733] INFO (#2): OpenHouse sync: collected page {
  pages: 320,
  records: 6400,
  pageSize: 20,
  hasNextPage: true,
}
[20:43:15.635] INFO (#2): OpenHouse sync: collected page {
  pages: 330,
  records: 6600,
  pageSize: 20,
  hasNextPage: true,
}
[20:43:16.665] INFO (#2): OpenHouse sync: collected page {
  pages: 340,
  records: 6800,
  pageSize: 20,
  hasNextPage: true,
}
[20:43:17.517] INFO (#2): OpenHouse sync: collected page {
  pages: 350,
  records: 7000,
  pageSize: 20,
  hasNextPage: true,
}
[20:43:18.392] INFO (#2): OpenHouse sync: collected page {
  pages: 360,
  records: 7200,
  pageSize: 20,
  hasNextPage: true,
}
[20:43:19.441] INFO (#2): OpenHouse sync: collected page {
  pages: 370,
  records: 7400,
  pageSize: 20,
  hasNextPage: true,
}
[20:43:20.349] INFO (#2): OpenHouse sync: collected page {
  pages: 380,
  records: 7600,
  pageSize: 20,
  hasNextPage: true,
}
[20:43:21.248] INFO (#2): OpenHouse sync: collected page {
  pages: 390,
  records: 7800,
  pageSize: 20,
  hasNextPage: true,
}
[20:43:22.130] INFO (#2): OpenHouse sync: collected page {
  pages: 400,
  records: 8000,
  pageSize: 20,
  hasNextPage: true,
}
[20:43:22.972] INFO (#2): OpenHouse sync: collected page {
  pages: 410,
  records: 8200,
  pageSize: 20,
  hasNextPage: true,
}
[20:43:23.832] INFO (#2): OpenHouse sync: collected page {
  pages: 420,
  records: 8400,
  pageSize: 20,
  hasNextPage: true,
}
[20:43:24.706] INFO (#2): OpenHouse sync: collected page {
  pages: 430,
  records: 8600,
  pageSize: 20,
  hasNextPage: true,
}
[20:43:25.538] INFO (#2): OpenHouse sync: collected page {
  pages: 440,
  records: 8800,
  pageSize: 20,
  hasNextPage: true,
}
[20:43:26.381] INFO (#2): OpenHouse sync: collected page {
  pages: 450,
  records: 9000,
  pageSize: 20,
  hasNextPage: true,
}
[20:43:27.228] INFO (#2): OpenHouse sync: collected page {
  pages: 460,
  records: 9200,
  pageSize: 20,
  hasNextPage: true,
}
[20:43:28.073] INFO (#2): OpenHouse sync: collected page {
  pages: 470,
  records: 9400,
  pageSize: 20,
  hasNextPage: true,
}
[20:43:28.928] INFO (#2): OpenHouse sync: collected page {
  pages: 480,
  records: 9600,
  pageSize: 20,
  hasNextPage: true,
}
[20:43:29.785] INFO (#2): OpenHouse sync: collected page {
  pages: 490,
  records: 9800,
  pageSize: 20,
  hasNextPage: true,
}
[20:43:30.660] INFO (#2): OpenHouse sync: collected page {
  pages: 500,
  records: 10000,
  pageSize: 20,
  hasNextPage: true,
}
[20:43:31.524] INFO (#2): OpenHouse sync: collected page {
  pages: 510,
  records: 10200,
  pageSize: 20,
  hasNextPage: true,
}
[20:43:32.378] INFO (#2): OpenHouse sync: collected page {
  pages: 520,
  records: 10400,
  pageSize: 20,
  hasNextPage: true,
}
[20:43:33.262] INFO (#2): OpenHouse sync: collected page {
  pages: 530,
  records: 10600,
  pageSize: 20,
  hasNextPage: true,
}
[20:43:34.124] INFO (#2): OpenHouse sync: collected page {
  pages: 540,
  records: 10800,
  pageSize: 20,
  hasNextPage: true,
}
[20:43:34.559] INFO (#2): OpenHouse sync: collected page {
  pages: 545,
  records: 10880,
  pageSize: 0,
  hasNextPage: false,
}
[20:43:34.561] INFO (#2): OpenHouse sync: collected records {
  records: 10880,
  pageErrors: 0,
}
[20:43:34.562] INFO (#2): OpenHouse sync: persisting records {
  records: 10880,
  concurrency: 5,
}
[20:43:34.667] INFO (#23897): OpenHouse sync: persist progress {
  completed: 250,
  total: 10880,
  persisted: 250,
  failed: 0,
}
[20:43:34.696] INFO (#24145): OpenHouse sync: persist progress {
  completed: 500,
  total: 10880,
  persisted: 500,
  failed: 0,
}
[20:43:34.721] INFO (#24393): OpenHouse sync: persist progress {
  completed: 750,
  total: 10880,
  persisted: 750,
  failed: 0,
}
[20:43:34.749] INFO (#24647): OpenHouse sync: persist progress {
  completed: 1000,
  total: 10880,
  persisted: 1000,
  failed: 0,
}
[20:43:34.774] INFO (#24897): OpenHouse sync: persist progress {
  completed: 1250,
  total: 10880,
  persisted: 1250,
  failed: 0,
}
[20:43:34.798] INFO (#25145): OpenHouse sync: persist progress {
  completed: 1500,
  total: 10880,
  persisted: 1500,
  failed: 0,
}
[20:43:34.822] INFO (#25397): OpenHouse sync: persist progress {
  completed: 1750,
  total: 10880,
  persisted: 1750,
  failed: 0,
}
[20:43:34.845] INFO (#25641): OpenHouse sync: persist progress {
  completed: 2000,
  total: 10880,
  persisted: 2000,
  failed: 0,
}
[20:43:34.866] INFO (#25897): OpenHouse sync: persist progress {
  completed: 2250,
  total: 10880,
  persisted: 2250,
  failed: 0,
}
[20:43:34.887] INFO (#26145): OpenHouse sync: persist progress {
  completed: 2500,
  total: 10880,
  persisted: 2500,
  failed: 0,
}
[20:43:34.910] INFO (#26397): OpenHouse sync: persist progress {
  completed: 2750,
  total: 10880,
  persisted: 2750,
  failed: 0,
}
[20:43:34.934] INFO (#26645): OpenHouse sync: persist progress {
  completed: 3000,
  total: 10880,
  persisted: 3000,
  failed: 0,
}
[20:43:34.955] INFO (#26895): OpenHouse sync: persist progress {
  completed: 3250,
  total: 10880,
  persisted: 3250,
  failed: 0,
}
[20:43:34.977] INFO (#27144): OpenHouse sync: persist progress {
  completed: 3500,
  total: 10880,
  persisted: 3500,
  failed: 0,
}
[20:43:34.999] INFO (#27394): OpenHouse sync: persist progress {
  completed: 3750,
  total: 10880,
  persisted: 3750,
  failed: 0,
}
[20:43:35.023] INFO (#27645): OpenHouse sync: persist progress {
  completed: 4000,
  total: 10880,
  persisted: 4000,
  failed: 0,
}
[20:43:35.046] INFO (#27895): OpenHouse sync: persist progress {
  completed: 4250,
  total: 10880,
  persisted: 4250,
  failed: 0,
}
[20:43:35.072] INFO (#28144): OpenHouse sync: persist progress {
  completed: 4500,
  total: 10880,
  persisted: 4500,
  failed: 0,
}
[20:43:35.095] INFO (#28395): OpenHouse sync: persist progress {
  completed: 4750,
  total: 10880,
  persisted: 4750,
  failed: 0,
}
[20:43:35.118] INFO (#28647): OpenHouse sync: persist progress {
  completed: 5000,
  total: 10880,
  persisted: 5000,
  failed: 0,
}
[20:43:35.141] INFO (#28896): OpenHouse sync: persist progress {
  completed: 5250,
  total: 10880,
  persisted: 5250,
  failed: 0,
}
[20:43:35.166] INFO (#29145): OpenHouse sync: persist progress {
  completed: 5500,
  total: 10880,
  persisted: 5500,
  failed: 0,
}
[20:43:35.188] INFO (#29394): OpenHouse sync: persist progress {
  completed: 5750,
  total: 10880,
  persisted: 5750,
  failed: 0,
}
[20:43:35.211] INFO (#29645): OpenHouse sync: persist progress {
  completed: 6000,
  total: 10880,
  persisted: 6000,
  failed: 0,
}
[20:43:35.238] INFO (#29894): OpenHouse sync: persist progress {
  completed: 6250,
  total: 10880,
  persisted: 6250,
  failed: 0,
}
[20:43:35.262] INFO (#30145): OpenHouse sync: persist progress {
  completed: 6500,
  total: 10880,
  persisted: 6500,
  failed: 0,
}
[20:43:35.284] INFO (#30394): OpenHouse sync: persist progress {
  completed: 6750,
  total: 10880,
  persisted: 6750,
  failed: 0,
}
[20:43:35.306] INFO (#30644): OpenHouse sync: persist progress {
  completed: 7000,
  total: 10880,
  persisted: 7000,
  failed: 0,
}
[20:43:35.331] INFO (#30895): OpenHouse sync: persist progress {
  completed: 7250,
  total: 10880,
  persisted: 7250,
  failed: 0,
}
[20:43:35.354] INFO (#31145): OpenHouse sync: persist progress {
  completed: 7500,
  total: 10880,
  persisted: 7500,
  failed: 0,
}
[20:43:35.379] INFO (#31397): OpenHouse sync: persist progress {
  completed: 7750,
  total: 10880,
  persisted: 7750,
  failed: 0,
}
[20:43:35.402] INFO (#31645): OpenHouse sync: persist progress {
  completed: 8000,
  total: 10880,
  persisted: 8000,
  failed: 0,
}
[20:43:35.425] INFO (#31893): OpenHouse sync: persist progress {
  completed: 8250,
  total: 10880,
  persisted: 8250,
  failed: 0,
}
[20:43:35.447] INFO (#32145): OpenHouse sync: persist progress {
  completed: 8500,
  total: 10880,
  persisted: 8500,
  failed: 0,
}
[20:43:35.487] INFO (#32396): OpenHouse sync: persist progress {
  completed: 8750,
  total: 10880,
  persisted: 8750,
  failed: 0,
}
[20:43:35.510] INFO (#32647): OpenHouse sync: persist progress {
  completed: 9000,
  total: 10880,
  persisted: 9000,
  failed: 0,
}
[20:43:35.540] INFO (#32896): OpenHouse sync: persist progress {
  completed: 9250,
  total: 10880,
  persisted: 9250,
  failed: 0,
}
[20:43:35.562] INFO (#33144): OpenHouse sync: persist progress {
  completed: 9500,
  total: 10880,
  persisted: 9500,
  failed: 0,
}
[20:43:35.585] INFO (#33394): OpenHouse sync: persist progress {
  completed: 9750,
  total: 10880,
  persisted: 9750,
  failed: 0,
}
[20:43:35.610] INFO (#33645): OpenHouse sync: persist progress {
  completed: 10000,
  total: 10880,
  persisted: 10000,
  failed: 0,
}
[20:43:35.632] INFO (#33897): OpenHouse sync: persist progress {
  completed: 10250,
  total: 10880,
  persisted: 10250,
  failed: 0,
}
[20:43:35.656] INFO (#34144): OpenHouse sync: persist progress {
  completed: 10500,
  total: 10880,
  persisted: 10500,
  failed: 0,
}
[20:43:35.681] INFO (#34397): OpenHouse sync: persist progress {
  completed: 10750,
  total: 10880,
  persisted: 10750,
  failed: 0,
}
[20:43:35.692] INFO (#34525): OpenHouse sync: persist progress {
  completed: 10880,
  total: 10880,
  persisted: 10880,
  failed: 0,
}
[20:43:35.694] INFO (#2): OpenHouse sync: complete {
  identifiers: 0,
  hydrated: 10880,
  persisted: 10880,
  failed: 0,
  nextWatermark: "2027-06-07T00:00:00.000Z",
}
[20:43:35.695] INFO (#2): DDF database sync: open houses complete {
  identifiers: 0,
  hydrated: 10880,
  persisted: 10880,
  failed: 0,
  errors: 0,
  nextWatermark: "2027-06-07T00:00:00.000Z",
}
[20:43:35.695] INFO (#2): DDF database sync: saving watermark {
  resource: "OpenHouse",
  watermark: "2027-06-07T00:00:00.000Z",
}
[20:43:35.695] INFO (#2): DDF database sync: recording sync errors {
  runId: "ddf-sync-669c9caa-4528-47fe-a8c1-457b28580121",
  errors: 0,
}
[20:43:35.695] INFO (#2): DDF database sync: recording run summary {
  runId: "ddf-sync-669c9caa-4528-47fe-a8c1-457b28580121",
  status: "success",
}
[20:43:35.699] INFO (#2): DDF database sync: finished {
  runId: "ddf-sync-669c9caa-4528-47fe-a8c1-457b28580121",
  status: "success",
  startedAt: 2026-05-12T00:38:20.665Z,
  completedAt: 2026-05-12T00:43:35.695Z,
}